Using pre-set license

 COMMAND LINE ARGUMENTS:
/Applications/Unity/Hub/Editor/2020.3.0f1/Unity.app/Contents/MacOS/Unity
-adb2
-batchMode
-noUpm
-name
AssetImportWorker0
-projectPath
/Users/nswell/Documents/Git/CellStudio/ARMODs/Unity/ARMOD-UnityAppDemo/ARMOD-Unity-Demo-App
-logFile
Logs/AssetImportWorker0.log
-srvPort
52993
Successfully changed project path to: /Users/nswell/Documents/Git/CellStudio/ARMODs/Unity/ARMOD-UnityAppDemo/ARMOD-Unity-Demo-App
/Users/nswell/Documents/Git/CellStudio/ARMODs/Unity/ARMOD-UnityAppDemo/ARMOD-Unity-Demo-App
Using Asset Import Pipeline V2.
Refreshing native plugins compatible for Editor in 89.79 ms, found 2 plugins.
Preloading 0 native plugins for Editor in 0.00 ms.
Initialize engine version: 2020.3.0f1 (c7b5465681fb)
[Subsystems] Discovering subsystems at path /Applications/Unity/Hub/Editor/2020.3.0f1/Unity.app/Contents/Resources/UnitySubsystems
[Subsystems] Discovering subsystems at path /Users/nswell/Documents/Git/CellStudio/ARMODs/Unity/ARMOD-UnityAppDemo/ARMOD-Unity-Demo-App/Assets
GfxDevice: creating device client; threaded=0
2021-07-05 17:26:33.794 Unity[14609:395161] Color LCD preferred device: AMD Radeon Pro Vega 20 (high power)
2021-07-05 17:26:33.794 Unity[14609:395161] Metal devices available: 2
2021-07-05 17:26:33.794 Unity[14609:395161] 0: AMD Radeon Pro Vega 20 (high power)
2021-07-05 17:26:33.794 Unity[14609:395161] 1: Intel(R) UHD Graphics 630 (low power)
2021-07-05 17:26:33.794 Unity[14609:395161] Using device AMD Radeon Pro Vega 20 (high power)
Initializing Metal device caps: AMD Radeon Pro Vega 20
Shader 'Universal Render Pipeline/Particles/Lit': fallback shader 'Universal Render Pipeline/Particles/SimpleLit' not found
Initialize mono
Mono path[0] = '/Applications/Unity/Hub/Editor/2020.3.0f1/Unity.app/Contents/Managed'
Mono path[1] = '/Applications/Unity/Hub/Editor/2020.3.0f1/Unity.app/Contents/MonoBleedingEdge/lib/mono/unityjit'
Mono config path = '/Applications/Unity/Hub/Editor/2020.3.0f1/Unity.app/Contents/MonoBleedingEdge/etc'
Using monoOptions --debugger-agent=transport=dt_socket,embedding=1,server=y,suspend=n,address=127.0.0.1:56609
Begin MonoManager ReloadAssembly
Registering precompiled unity dll's ...
Register platform support module: /Applications/Unity/Hub/Editor/2020.3.0f1/Unity.app/Contents/PlaybackEngines/MacStandaloneSupport/UnityEditor.OSXStandalone.Extensions.dll
Registered in 0.003554 seconds.
Native extension for OSXStandalone target not found
Refreshing native plugins compatible for Editor in 56.44 ms, found 2 plugins.
Preloading 0 native plugins for Editor in 0.00 ms.
Invoked RoslynAnalysisRunner static constructor.
RoslynAnalysisRunner will not be running.
RoslynAnalysisRunner has terminated.
Mono: successfully reloaded assembly
- Completed reload, in  2.259 seconds
Platform modules already initialized, skipping
Registering precompiled user dll's ...
Registered in 0.016853 seconds.
Begin MonoManager ReloadAssembly
Native extension for OSXStandalone target not found
Refreshing native plugins compatible for Editor in 57.27 ms, found 2 plugins.
Preloading 0 native plugins for Editor in 0.00 ms.
Invoked RoslynAnalysisRunner static constructor.
RoslynAnalysisRunner will not be running.
RoslynAnalysisRunner has terminated.
Mono: successfully reloaded assembly
- Completed reload, in  1.355 seconds
Platform modules already initialized, skipping
========================================================================
Worker process is ready to serve import requests
Shader 'Universal Render Pipeline/Particles/Lit': fallback shader 'Universal Render Pipeline/Particles/SimpleLit' not found
Launching external process: /Applications/Unity/Hub/Editor/2020.3.0f1/Unity.app/Contents/Tools/UnityShaderCompiler
Launched and connected shader compiler UnityShaderCompiler after 0.02 seconds
Refreshing native plugins compatible for Editor in 0.79 ms, found 2 plugins.
Preloading 0 native plugins for Editor in 0.00 ms.
Unloading 3883 Unused Serialized files (Serialized files now loaded: 0)
System memory in use before: 248.3 MB.
System memory in use after: 248.6 MB.

Unloading 42 unused Assets to reduce memory usage. Loaded Objects now: 4316.
Total: 2.933194 ms (FindLiveObjects: 0.372587 ms CreateObjectMapping: 0.176510 ms MarkObjects: 2.307812 ms  DeleteObjects: 0.075396 ms)

========================================================================
Received Import Request.
  path: Packages/com.unity.xr.arkit-face-tracking
  artifactKey: Guid(8d19f747464ba49f2302f034a91182e0) Importer(815301076,1909f56bfc062723c751e8b465ee728b)
Start importing Packages/com.unity.xr.arkit-face-tracking using Guid(8d19f747464ba49f2302f034a91182e0) Importer(815301076,1909f56bfc062723c751e8b465ee728b)  -> (artifact id: '3ca379612d05cac0ddd8ea63d9a2cc98') in 0.010123 seconds
  Import took 0.022463 seconds .

========================================================================
Received Import Request.
  Time since last request: 0.000249 seconds.
  path: Packages/com.phantoms.armodcore/Assets/Resources
  artifactKey: Guid(feadfce75fb824638bdf706790d903c4) Importer(815301076,1909f56bfc062723c751e8b465ee728b)
Start importing Packages/com.phantoms.armodcore/Assets/Resources using Guid(feadfce75fb824638bdf706790d903c4) Importer(815301076,1909f56bfc062723c751e8b465ee728b)  -> (artifact id: '0d101ebb1ebfb2afc73ec882e417d2e1') in 0.002010 seconds
  Import took 0.009529 seconds .

========================================================================
Received Import Request.
  Time since last request: 0.000185 seconds.
  path: Packages/com.unity.xr.arkit
  artifactKey: Guid(14a7b9fbd8baa420acbfbe76d44812c3) Importer(815301076,1909f56bfc062723c751e8b465ee728b)
Start importing Packages/com.unity.xr.arkit using Guid(14a7b9fbd8baa420acbfbe76d44812c3) Importer(815301076,1909f56bfc062723c751e8b465ee728b)  -> (artifact id: '5724fd6bde0fd488195f0cf0b7b0cda9') in 0.002395 seconds
  Import took 0.009954 seconds .

========================================================================
Received Import Request.
  Time since last request: 0.000185 seconds.
  path: Packages/com.unity.xr.arsubsystems
  artifactKey: Guid(12044b9b0e94a8f10795339fe0015729) Importer(815301076,1909f56bfc062723c751e8b465ee728b)
Start importing Packages/com.unity.xr.arsubsystems using Guid(12044b9b0e94a8f10795339fe0015729) Importer(815301076,1909f56bfc062723c751e8b465ee728b)  -> (artifact id: 'ddcbbc455c430baecbe0b41af20eae1e') in 0.001542 seconds
  Import took 0.008313 seconds .

========================================================================
Received Import Request.
  Time since last request: 0.000197 seconds.
  path: Packages/com.phantoms.armodcore/CHANGELOG.md
  artifactKey: Guid(e315421452c5341d5bb1ccf5baa3ca50) Importer(815301076,1909f56bfc062723c751e8b465ee728b)
Start importing Packages/com.phantoms.armodcore/CHANGELOG.md using Guid(e315421452c5341d5bb1ccf5baa3ca50) Importer(815301076,1909f56bfc062723c751e8b465ee728b)  -> (artifact id: '91e8bf035bc951ba83601e022dcc4352') in 1.706557 seconds
  Import took 1.713810 seconds .

========================================================================
Received Import Request.
  Time since last request: 0.000229 seconds.
  path: Packages/com.phantoms.armodpackagetools
  artifactKey: Guid(0c9631b1090a95838c6f63d7921f4eee) Importer(815301076,1909f56bfc062723c751e8b465ee728b)
Start importing Packages/com.phantoms.armodpackagetools using Guid(0c9631b1090a95838c6f63d7921f4eee) Importer(815301076,1909f56bfc062723c751e8b465ee728b)  -> (artifact id: 'a2e1bb78c2e2ef847e8581c561057177') in 0.001740 seconds
  Import took 0.007428 seconds .

========================================================================
Received Prepare
Registering precompiled user dll's ...
Registered in 0.018832 seconds.
Begin MonoManager ReloadAssembly
Native extension for OSXStandalone target not found
Refreshing native plugins compatible for Editor in 0.72 ms, found 2 plugins.
Preloading 0 native plugins for Editor in 0.00 ms.
Invoked RoslynAnalysisRunner static constructor.
RoslynAnalysisRunner will not be running.
RoslynAnalysisRunner has terminated.
Mono: successfully reloaded assembly
- Completed reload, in  1.361 seconds
Platform modules already initialized, skipping
Switching build target platform(2) subTarget(0) extendedPlatform(0) -> platform(9) subTarget(16777218) extendedPlatform(0)
Shader 'Universal Render Pipeline/Particles/Lit': fallback shader 'Universal Render Pipeline/Particles/SimpleLit' not found
Refreshing native plugins compatible for Editor in 0.79 ms, found 2 plugins.
Preloading 0 native plugins for Editor in 0.00 ms.
Unloading 3747 Unused Serialized files (Serialized files now loaded: 0)
System memory in use before: 244.1 MB.
System memory in use after: 244.4 MB.

Unloading 35 unused Assets to reduce memory usage. Loaded Objects now: 4320.
Total: 3.020282 ms (FindLiveObjects: 0.412312 ms CreateObjectMapping: 0.205005 ms MarkObjects: 2.358096 ms  DeleteObjects: 0.043726 ms)

AssetImportParameters requested are different than current active one (requested -> active):
  custom:graphics/normal-map-encoding: 01000000000000000000000000000000 -> 02000000000000000000000000000000
AssetImportWorkerClient::OnTransportError - code=2 error=End of file
